This is pdfTeX, Version 3.141592653-2.6-1.40.25 (MiKTeX 23.10.12) (preloaded format=pdflatex 2023.10.22)  24 OCT 2023 16:54
entering extended mode
 restricted \write18 enabled.
 %&-line parsing enabled.
**"L:/LaTeX/Framework Analysis Paper/figures/circle-diagram.tex"
(L:/LaTeX/Framework Analysis Paper/figures/circle-diagram.tex
LaTeX2e <2023-06-01> patch level 1
L3 programming layer <2023-10-10>
(C:\Users\ii51113\AppData\Local\Programs\MiKTeX\tex/latex/base\article.cls
Document Class: article 2023/05/17 v1.4n Standard LaTeX document class
(C:\Users\ii51113\AppData\Local\Programs\MiKTeX\tex/latex/base\size10.clo
File: size10.clo 2023/05/17 v1.4n Standard LaTeX file (size option)
)
\c@part=\count185
\c@section=\count186
\c@subsection=\count187
\c@subsubsection=\count188
\c@paragraph=\count189
\c@subparagraph=\count190
\c@figure=\count191
\c@table=\count192
\abovecaptionskip=\skip48
\belowcaptionskip=\skip49
\bibindent=\dimen140
)

! LaTeX Error: Environment comment undefined.

See the LaTeX manual or LaTeX Companion for explanation.
Type  H <return>  for immediate help.
 ...                                              
                                                  
l.8 \begin{comment}
                   
? 

! LaTeX Error: Missing \begin{document}.

See the LaTeX manual or LaTeX Companion for explanation.
Type  H <return>  for immediate help.
 ...                                              
                                                  
l.9 :
     Title: A circular diagram
? 

Overfull \hbox (38.38388pt too wide) in paragraph at lines 9--13
[]\OT1/cmr/m/n/10 :Title: A cir-cu-lar di-a-gram :Tags: Di-a-grams; Flowcharts;
Smartdiagram;Graphics;TikZ
 []


! LaTeX Error: Missing \begin{document}.

See the LaTeX manual or LaTeX Companion for explanation.
Type  H <return>  for immediate help.
 ...                                              
                                                  
l.14 A
       diagram showing the risk management lifecycle using the clever smartd...

? 

! LaTeX Error: Missing \begin{document}.

See the LaTeX manual or LaTeX Companion for explanation.
Type  H <return>  for immediate help.
 ...                                              
                                                  
l.16 F
      ull explanation in Chapter 9, Creating Graphics:
? 

! LaTeX Error: \begin{document} ended by \end{comment}.

See the LaTeX manual or LaTeX Companion for explanation.
Type  H <return>  for immediate help.
 ...                                              
                                                  
l.18 \end{comment}
                  
? 

(C:\Users\ii51113\AppData\Local\Programs\MiKTeX\tex/latex/l3backend\l3backend-p
dftex.def
File: l3backend-pdftex.def 2023-10-10 L3 backend support: PDF output (pdfTeX)
\l__color_backend_stack_int=\count193
\l__pdf_internal_box=\box51
)
No file circle-diagram.aux.
\openout1 = `circle-diagram.aux'.

LaTeX Font Info:    Checking defaults for OML/cmm/m/it on input line 19.
LaTeX Font Info:    ... okay on input line 19.
LaTeX Font Info:    Checking defaults for OMS/cmsy/m/n on input line 19.
LaTeX Font Info:    ... okay on input line 19.
LaTeX Font Info:    Checking defaults for OT1/cmr/m/n on input line 19.
LaTeX Font Info:    ... okay on input line 19.
LaTeX Font Info:    Checking defaults for T1/cmr/m/n on input line 19.
LaTeX Font Info:    ... okay on input line 19.
LaTeX Font Info:    Checking defaults for TS1/cmr/m/n on input line 19.
LaTeX Font Info:    ... okay on input line 19.
LaTeX Font Info:    Checking defaults for OMX/cmex/m/n on input line 19.
LaTeX Font Info:    ... okay on input line 19.
LaTeX Font Info:    Checking defaults for U/cmr/m/n on input line 19.
LaTeX Font Info:    ... okay on input line 19.
! Undefined control sequence.
l.20 \smartdiagramset
                     {text width=2cm, font=\fontsize{7pt}{12pt}\selectfont}
? 
! Undefined control sequence.
l.21 \scalebox
              {1.5}{
? 
! Undefined control sequence.
l.22 \smartdiagram
                  [circular diagram:clockwise]{Risk\\Identification, Risk\\A...

? 

Overfull \hbox (62.04251pt too wide) in paragraph at lines 16--23
[]\OT1/cmr/m/n/10 Full ex-pla-na-tion in Chap-ter 9, Cre-at-ing Graph-ics: [Bui
ld-ing smart diagrams](https://latex-
 []


Overfull \hbox (57.94533pt too wide) in paragraph at lines 16--23
\OT1/cmr/m/n/10 cookbook.net/smart-diagrams/)   text width=2cm, font= 1.5 [cir-
cu-lar di-a-gram:clockwise]Risk 
 []

[1

{C:/Users/ii51113/AppData/Local/MiKTeX/fonts/map/pdftex/pdftex.map}]
(circle-diagram.aux)
 ***********
LaTeX2e <2023-06-01> patch level 1
L3 programming layer <2023-10-10>
 ***********
 ) 
Here is how much of TeX's memory you used:
 430 strings out of 474824
 8634 string characters out of 5750032
 1921043 words of memory out of 5000000
 22460 multiletter control sequences out of 15000+600000
 558069 words of font info for 36 fonts, out of 8000000 for 9000
 1141 hyphenation exceptions out of 8191
 35i,5n,50p,211b,109s stack positions out of 10000i,1000n,20000p,200000b,200000s
<C:/Users/ii51113/AppData/Local/Programs/MiKTeX/fonts/type1/public/amsfonts/c
m/cmr10.pfb>
Output written on circle-diagram.pdf (1 page, 22672 bytes).
PDF statistics:
 11 PDF objects out of 1000 (max. 8388607)
 0 named destinations out of 1000 (max. 500000)
 1 words of extra memory for PDF output out of 10000 (max. 10000000)

